d:\users\hitomi\documents\visual studio 2015\projects\hal_tomokihitomi_directx9_2d_requiem\hal_tomokihitomi_directx9_2d_requiem\release\vc140.pdb
d:\users\hitomi\documents\visual studio 2015\projects\hal_tomokihitomi_directx9_2d_requiem\hal_tomokihitomi_directx9_2d_requiem\release\game.obj
d:\users\hitomi\documents\visual studio 2015\projects\hal_tomokihitomi_directx9_2d_requiem\hal_tomokihitomi_directx9_2d_requiem\release\funnel.obj
d:\users\hitomi\documents\visual studio 2015\projects\hal_tomokihitomi_directx9_2d_requiem\hal_tomokihitomi_directx9_2d_requiem\release\frame.obj
d:\users\hitomi\documents\visual studio 2015\projects\hal_tomokihitomi_directx9_2d_requiem\hal_tomokihitomi_directx9_2d_requiem\release\fade.obj
d:\users\hitomi\documents\visual studio 2015\projects\hal_tomokihitomi_directx9_2d_requiem\hal_tomokihitomi_directx9_2d_requiem\release\enemybullet.obj
d:\users\hitomi\documents\visual studio 2015\projects\hal_tomokihitomi_directx9_2d_requiem\hal_tomokihitomi_directx9_2d_requiem\release\enemy.obj
d:\users\hitomi\documents\visual studio 2015\projects\hal_tomokihitomi_directx9_2d_requiem\hal_tomokihitomi_directx9_2d_requiem\release\effect_player_wing.obj
d:\users\hitomi\documents\visual studio 2015\projects\hal_tomokihitomi_directx9_2d_requiem\hal_tomokihitomi_directx9_2d_requiem\release\effect_player_jump.obj
d:\users\hitomi\documents\visual studio 2015\projects\hal_tomokihitomi_directx9_2d_requiem\hal_tomokihitomi_directx9_2d_requiem\release\effect_knockdown.obj
d:\users\hitomi\documents\visual studio 2015\projects\hal_tomokihitomi_directx9_2d_requiem\hal_tomokihitomi_directx9_2d_requiem\release\effect_close.obj
d:\users\hitomi\documents\visual studio 2015\projects\hal_tomokihitomi_directx9_2d_requiem\hal_tomokihitomi_directx9_2d_requiem\release\credit.obj
d:\users\hitomi\documents\visual studio 2015\projects\hal_tomokihitomi_directx9_2d_requiem\hal_tomokihitomi_directx9_2d_requiem\release\copyright.obj
d:\users\hitomi\documents\visual studio 2015\projects\hal_tomokihitomi_directx9_2d_requiem\hal_tomokihitomi_directx9_2d_requiem\release\close.obj
d:\users\hitomi\documents\visual studio 2015\projects\hal_tomokihitomi_directx9_2d_requiem\hal_tomokihitomi_directx9_2d_requiem\release\clearbonus.obj
d:\users\hitomi\documents\visual studio 2015\projects\hal_tomokihitomi_directx9_2d_requiem\hal_tomokihitomi_directx9_2d_requiem\release\bullet.obj
d:\users\hitomi\documents\visual studio 2015\projects\hal_tomokihitomi_directx9_2d_requiem\hal_tomokihitomi_directx9_2d_requiem\release\bg003.obj
d:\users\hitomi\documents\visual studio 2015\projects\hal_tomokihitomi_directx9_2d_requiem\hal_tomokihitomi_directx9_2d_requiem\release\bg002.obj
d:\users\hitomi\documents\visual studio 2015\projects\hal_tomokihitomi_directx9_2d_requiem\hal_tomokihitomi_directx9_2d_requiem\release\bg001.obj
d:\users\hitomi\documents\visual studio 2015\projects\hal_tomokihitomi_directx9_2d_requiem\hal_tomokihitomi_directx9_2d_requiem\release\bg000.obj
d:\users\hitomi\documents\visual studio 2015\projects\hal_tomokihitomi_directx9_2d_requiem\hal_tomokihitomi_directx9_2d_requiem\release\barrier.obj
d:\users\hitomi\documents\visual studio 2015\projects\hal_tomokihitomi_directx9_2d_requiem\hal_tomokihitomi_directx9_2d_requiem\release\rankboard.obj
d:\users\hitomi\documents\visual studio 2015\projects\hal_tomokihitomi_directx9_2d_requiem\hal_tomokihitomi_directx9_2d_requiem\release\rank.obj
d:\users\hitomi\documents\visual studio 2015\projects\hal_tomokihitomi_directx9_2d_requiem\hal_tomokihitomi_directx9_2d_requiem\release\pressenter.obj
d:\users\hitomi\documents\visual studio 2015\projects\hal_tomokihitomi_directx9_2d_requiem\hal_tomokihitomi_directx9_2d_requiem\release\player.obj
d:\users\hitomi\documents\visual studio 2015\projects\hal_tomokihitomi_directx9_2d_requiem\hal_tomokihitomi_directx9_2d_requiem\release\pausemenu.obj
d:\users\hitomi\documents\visual studio 2015\projects\hal_tomokihitomi_directx9_2d_requiem\hal_tomokihitomi_directx9_2d_requiem\release\pause.obj
d:\users\hitomi\documents\visual studio 2015\projects\hal_tomokihitomi_directx9_2d_requiem\hal_tomokihitomi_directx9_2d_requiem\release\parameterrbar.obj
d:\users\hitomi\documents\visual studio 2015\projects\hal_tomokihitomi_directx9_2d_requiem\hal_tomokihitomi_directx9_2d_requiem\release\parameter.obj
d:\users\hitomi\documents\visual studio 2015\projects\hal_tomokihitomi_directx9_2d_requiem\hal_tomokihitomi_directx9_2d_requiem\release\nogravity.obj
d:\users\hitomi\documents\visual studio 2015\projects\hal_tomokihitomi_directx9_2d_requiem\hal_tomokihitomi_directx9_2d_requiem\release\motion_title.obj
d:\users\hitomi\documents\visual studio 2015\projects\hal_tomokihitomi_directx9_2d_requiem\hal_tomokihitomi_directx9_2d_requiem\release\motion_result.obj
d:\users\hitomi\documents\visual studio 2015\projects\hal_tomokihitomi_directx9_2d_requiem\hal_tomokihitomi_directx9_2d_requiem\release\menu.obj
d:\users\hitomi\documents\visual studio 2015\projects\hal_tomokihitomi_directx9_2d_requiem\hal_tomokihitomi_directx9_2d_requiem\release\main.obj
d:\users\hitomi\documents\visual studio 2015\projects\hal_tomokihitomi_directx9_2d_requiem\hal_tomokihitomi_directx9_2d_requiem\release\level_boss.obj
d:\users\hitomi\documents\visual studio 2015\projects\hal_tomokihitomi_directx9_2d_requiem\hal_tomokihitomi_directx9_2d_requiem\release\level.obj
d:\users\hitomi\documents\visual studio 2015\projects\hal_tomokihitomi_directx9_2d_requiem\hal_tomokihitomi_directx9_2d_requiem\release\input.obj
d:\users\hitomi\documents\visual studio 2015\projects\hal_tomokihitomi_directx9_2d_requiem\hal_tomokihitomi_directx9_2d_requiem\release\howtoplay_controller.obj
d:\users\hitomi\documents\visual studio 2015\projects\hal_tomokihitomi_directx9_2d_requiem\hal_tomokihitomi_directx9_2d_requiem\release\howtoplay.obj
d:\users\hitomi\documents\visual studio 2015\projects\hal_tomokihitomi_directx9_2d_requiem\hal_tomokihitomi_directx9_2d_requiem\release\hitcircle.obj
d:\users\hitomi\documents\visual studio 2015\projects\hal_tomokihitomi_directx9_2d_requiem\hal_tomokihitomi_directx9_2d_requiem\release\ground.obj
d:\users\hitomi\documents\visual studio 2015\projects\hal_tomokihitomi_directx9_2d_requiem\hal_tomokihitomi_directx9_2d_requiem\release\version.obj
d:\users\hitomi\documents\visual studio 2015\projects\hal_tomokihitomi_directx9_2d_requiem\hal_tomokihitomi_directx9_2d_requiem\release\totalboard.obj
d:\users\hitomi\documents\visual studio 2015\projects\hal_tomokihitomi_directx9_2d_requiem\hal_tomokihitomi_directx9_2d_requiem\release\total.obj
d:\users\hitomi\documents\visual studio 2015\projects\hal_tomokihitomi_directx9_2d_requiem\hal_tomokihitomi_directx9_2d_requiem\release\title.obj
d:\users\hitomi\documents\visual studio 2015\projects\hal_tomokihitomi_directx9_2d_requiem\hal_tomokihitomi_directx9_2d_requiem\release\timeboard.obj
d:\users\hitomi\documents\visual studio 2015\projects\hal_tomokihitomi_directx9_2d_requiem\hal_tomokihitomi_directx9_2d_requiem\release\time.obj
d:\users\hitomi\documents\visual studio 2015\projects\hal_tomokihitomi_directx9_2d_requiem\hal_tomokihitomi_directx9_2d_requiem\release\thank.obj
d:\users\hitomi\documents\visual studio 2015\projects\hal_tomokihitomi_directx9_2d_requiem\hal_tomokihitomi_directx9_2d_requiem\release\sound.obj
d:\users\hitomi\documents\visual studio 2015\projects\hal_tomokihitomi_directx9_2d_requiem\hal_tomokihitomi_directx9_2d_requiem\release\scoreboard.obj
d:\users\hitomi\documents\visual studio 2015\projects\hal_tomokihitomi_directx9_2d_requiem\hal_tomokihitomi_directx9_2d_requiem\release\score.obj
d:\users\hitomi\documents\visual studio 2015\projects\hal_tomokihitomi_directx9_2d_requiem\hal_tomokihitomi_directx9_2d_requiem\release\result.obj
d:\users\hitomi\documents\visual studio 2015\projects\hal_tomokihitomi_directx9_2d_requiem\release\hal_tomokihitomi_directx9_2d_requiem.exe
d:\users\hitomi\documents\visual studio 2015\projects\hal_tomokihitomi_directx9_2d_requiem\release\hal_tomokihitomi_directx9_2d_requiem.ipdb
d:\users\hitomi\documents\visual studio 2015\projects\hal_tomokihitomi_directx9_2d_requiem\release\hal_tomokihitomi_directx9_2d_requiem.iobj
d:\users\hitomi\documents\visual studio 2015\projects\hal_tomokihitomi_directx9_2d_requiem\release\hal_tomokihitomi_directx9_2d_requiem.pdb
d:\users\hitomi\documents\visual studio 2015\projects\hal_tomokihitomi_directx9_2d_requiem\hal_tomokihitomi_directx9_2d_requiem\release\hal_tomo.3877a807.tlog\cl.command.1.tlog
d:\users\hitomi\documents\visual studio 2015\projects\hal_tomokihitomi_directx9_2d_requiem\hal_tomokihitomi_directx9_2d_requiem\release\hal_tomo.3877a807.tlog\cl.read.1.tlog
d:\users\hitomi\documents\visual studio 2015\projects\hal_tomokihitomi_directx9_2d_requiem\hal_tomokihitomi_directx9_2d_requiem\release\hal_tomo.3877a807.tlog\cl.write.1.tlog
d:\users\hitomi\documents\visual studio 2015\projects\hal_tomokihitomi_directx9_2d_requiem\hal_tomokihitomi_directx9_2d_requiem\release\hal_tomo.3877a807.tlog\link.command.1.tlog
d:\users\hitomi\documents\visual studio 2015\projects\hal_tomokihitomi_directx9_2d_requiem\hal_tomokihitomi_directx9_2d_requiem\release\hal_tomo.3877a807.tlog\link.read.1.tlog
d:\users\hitomi\documents\visual studio 2015\projects\hal_tomokihitomi_directx9_2d_requiem\hal_tomokihitomi_directx9_2d_requiem\release\hal_tomo.3877a807.tlog\link.write.1.tlog
